<?xml version="1.0" encoding="UTF-8" ?>
<testsuite tests="1" failures="0" name="com.mycompany.TestHomePage" time="0.39" errors="1" skipped="0">
  <properties>
[...]
</properties>
  <testcase classname="com.mycompany.TestHomePage" name="homepageRendersSuccessfully" time="0.39">
    <error message="Can&apos;t instantiate page using constructor &apos;public com.mycompany.HomePage(org.apache.wicket.request.mapper.parameter.PageParameters)&apos; and argument &apos;&apos;. An exception has been thrown during construction!" type="org.apache.wicket.WicketRuntimeException">org.apache.wicket.WicketRuntimeException: Can&apos;t instantiate page using constructor &apos;public com.mycompany.HomePage(org.apache.wicket.request.mapper.parameter.PageParameters)&apos; and argument &apos;&apos;. An exception has been thrown during construction!
	at org.apache.wicket.session.DefaultPageFactory.newPage(DefaultPageFactory.java:194)
	at org.apache.wicket.session.DefaultPageFactory.newPage(DefaultPageFactory.java:76)
	at org.apache.wicket.DefaultMapperContext.newPageInstance(DefaultMapperContext.java:90)
	at org.apache.wicket.core.request.handler.PageProvider$Provision.getPage(PageProvider.java:380)
	at org.apache.wicket.core.request.handler.PageProvider.getPageInstance(PageProvider.java:171)
	at org.apache.wicket.request.handler.render.PageRenderer.getPage(PageRenderer.java:78)
	at org.apache.wicket.request.handler.render.WebPageRenderer.respond(WebPageRenderer.java:231)
	at org.apache.wicket.util.tester.BaseWicketTester$LastPageRecordingPageRendererProvider$1.respond(BaseWicketTester.java:2833)
	at org.apache.wicket.core.request.handler.RenderPageRequestHandler.respond(RenderPageRequestHandler.java:202)
	at org.apache.wicket.request.cycle.RequestCycle$HandlerExecutor.respond(RequestCycle.java:914)
	at org.apache.wicket.request.RequestHandlerExecutor.execute(RequestHandlerExecutor.java:65)
	at org.apache.wicket.request.cycle.RequestCycle.execute(RequestCycle.java:282)
	at org.apache.wicket.request.cycle.RequestCycle.processRequest(RequestCycle.java:253)
	at org.apache.wicket.request.cycle.RequestCycle.processRequestAndDetach(RequestCycle.java:221)
	at org.apache.wicket.util.tester.BaseWicketTester.processRequest(BaseWicketTester.java:713)
	at org.apache.wicket.util.tester.BaseWicketTester.processRequest(BaseWicketTester.java:652)
	at org.apache.wicket.util.tester.BaseWicketTester.processRequest(BaseWicketTester.java:624)
	at org.apache.wicket.util.tester.BaseWicketTester.startPage(BaseWicketTester.java:1278)
	at org.apache.wicket.util.tester.BaseWicketTester.startPage(BaseWicketTester.java:1251)
	at com.mycompany.TestHomePage.homepageRendersSuccessfully(TestHomePage.java:24)
	at sun.reflect.NativeMethodAccessorImpl.invoke0(Native Method)
	at sun.reflect.NativeMethodAccessorImpl.invoke(NativeMethodAccessorImpl.java:62)
	at sun.reflect.DelegatingMethodAccessorImpl.invoke(DelegatingMethodAccessorImpl.java:43)
	at java.lang.reflect.Method.invoke(Method.java:498)
	at org.junit.runners.model.FrameworkMethod$1.runReflectiveCall(FrameworkMethod.java:50)
	at org.junit.internal.runners.model.ReflectiveCallable.run(ReflectiveCallable.java:12)
	at org.junit.runners.model.FrameworkMethod.invokeExplosively(FrameworkMethod.java:47)
	at org.junit.internal.runners.statements.InvokeMethod.evaluate(InvokeMethod.java:17)
	at org.junit.internal.runners.statements.RunBefores.evaluate(RunBefores.java:26)
	at org.junit.runners.ParentRunner.runLeaf(ParentRunner.java:325)
	at org.junit.runners.BlockJUnit4ClassRunner.runChild(BlockJUnit4ClassRunner.java:78)
	at org.junit.runners.BlockJUnit4ClassRunner.runChild(BlockJUnit4ClassRunner.java:57)
	at org.junit.runners.ParentRunner$3.run(ParentRunner.java:290)
	at org.junit.runners.ParentRunner$1.schedule(ParentRunner.java:71)
	at org.junit.runners.ParentRunner.runChildren(ParentRunner.java:288)
	at org.junit.runners.ParentRunner.access$000(ParentRunner.java:58)
	at org.junit.runners.ParentRunner$2.evaluate(ParentRunner.java:268)
	at org.junit.runners.ParentRunner.run(ParentRunner.java:363)
	at org.apache.maven.surefire.junit4.JUnit4Provider.execute(JUnit4Provider.java:252)
	at org.apache.maven.surefire.junit4.JUnit4Provider.executeTestSet(JUnit4Provider.java:141)
	at org.apache.maven.surefire.junit4.JUnit4Provider.invoke(JUnit4Provider.java:112)
	at sun.reflect.NativeMethodAccessorImpl.invoke0(Native Method)
	at sun.reflect.NativeMethodAccessorImpl.invoke(NativeMethodAccessorImpl.java:62)
	at sun.reflect.DelegatingMethodAccessorImpl.invoke(DelegatingMethodAccessorImpl.java:43)
	at java.lang.reflect.Method.invoke(Method.java:498)
	at org.apache.maven.surefire.util.ReflectionUtils.invokeMethodWithArray(ReflectionUtils.java:189)
	at org.apache.maven.surefire.booter.ProviderFactory$ProviderProxy.invoke(ProviderFactory.java:165)
	at org.apache.maven.surefire.booter.ProviderFactory.invokeProvider(ProviderFactory.java:85)
	at org.apache.maven.surefire.booter.ForkedBooter.runSuitesInProcess(ForkedBooter.java:115)
	at org.apache.maven.surefire.booter.ForkedBooter.main(ForkedBooter.java:75)
Caused by: java.lang.reflect.InvocationTargetException
	at sun.reflect.NativeConstructorAccessorImpl.newInstance0(Native Method)
	at sun.reflect.NativeConstructorAccessorImpl.newInstance(NativeConstructorAccessorImpl.java:62)
	at sun.reflect.DelegatingConstructorAccessorImpl.newInstance(DelegatingConstructorAccessorImpl.java:45)
	at java.lang.reflect.Constructor.newInstance(Constructor.java:423)
	at org.apache.wicket.session.DefaultPageFactory.newPage(DefaultPageFactory.java:171)
	... 49 more
Caused by: java.lang.NullPointerException
	at com.mycompany.my.commons.base.CustomAdder.add(CustomAdder.java:27)
	at com.mycompany.HomePage.&lt;init&gt;(HomePage.java:47)
	... 54 more
</error>
    <system-out>Click on the following link:

./wicket/bookmarkable/com.mycompany.InfoPage?id=id%3D20

to Confirm Registration
[BookmarkablePageLink [Component id = bookmarkable-link]]
Class: class com.mycompany.InfoPage
name=[Anaconada Rusty]
</system-out>
    <system-err>[main] INFO org.apache.wicket.Application - [WicketTesterApplication-fb41db2f-b40d-4bd7-bd3d-a86f06216be2] init: Wicket core library initializer
[main] INFO com.mycompany.WicketApplication - [INITING Configurations......] -&gt; Name: WicketTesterApplication-fb41db2f-b40d-4bd7-bd3d-a86f06216be2
[main] INFO com.mycompany.HomePage - [ENTERING void externalLinkGenerator()]
[main] INFO com.mycompany.HomePage - [ENDING void externalLinkGenerator()]
[main] INFO com.mycompany.HomePage - [ENTERING BookmarkablePageLink link()]
[main] INFO com.mycompany.HomePage - [RETURNING BookmarkablePageLink link()]
[main] INFO com.mycompany.HomePage - [ENTERING void addingRecepies()]
[main] INFO com.mycompany.HomePage - [ENDING void addingRecepies()]
[main] INFO com.mycompany.HomePage - [ENTERING void hamburguer()]
[main] INFO com.mycompany.HomePage - [ENDING void hamburguer()]
[main] INFO com.mycompany.HomePage - [ENTERING Link&lt;Void&gt; redirectionEvent(final String id)]
[main] INFO com.mycompany.command_infrastructure.RedirectEvent - [ENTERING void setCommand(Optional&lt;? extends WebPage&gt; pageRef, Optional&lt;Class&lt;? extends Page&gt;&gt; pageToRender)]
[main] INFO com.mycompany.command_infrastructure.RedirectEvent - [ENTERING void saveLastPageBeforeRedirection(final Optional&lt;? extends WebPage&gt; lastVisitedPage)]
[main] INFO com.mycompany.command_infrastructure.RedirectEvent - [ENDING saveLastPageBeforeRedirection(final Optional&lt;? extends WebPage&gt; lastVisitedPage)]
[main] INFO com.mycompany.command_infrastructure.RedirectEvent - [ENDNIG void setCommand(Optional&lt;? extends WebPage&gt; pageRef, Optional&lt;Class&lt;? extends Page&gt;&gt; pageToRender)]
[main] INFO com.mycompany.command_infrastructure.RedirectEvent - [ENTERING Link&lt;Void&gt; event(final String id)]
Oct 07, 2019 10:27:21 AM com.mycompany.Strings isNullOrEmpty
INFO: [ENTERING static boolean isNullOrEmpty(String value)]
Oct 07, 2019 10:27:21 AM com.mycompany.Strings isNullOrEmpty
INFO: [ENDING static boolean isNullOrEmpty(String value)]
[main] INFO com.mycompany.command_infrastructure.RedirectEvent - [ENDING Link&lt;Void&gt; event(final String id) [Link [Component id = redirecter]]]
[main] WARN RequestCycleExtra - ********************************
[main] WARN RequestCycleExtra - Handling the following exception
org.apache.wicket.WicketRuntimeException: Can&apos;t instantiate page using constructor &apos;public com.mycompany.HomePage(org.apache.wicket.request.mapper.parameter.PageParameters)&apos; and argument &apos;&apos;. An exception has been thrown during construction!
	at org.apache.wicket.session.DefaultPageFactory.newPage(DefaultPageFactory.java:194)
	at org.apache.wicket.session.DefaultPageFactory.newPage(DefaultPageFactory.java:76)
	at org.apache.wicket.DefaultMapperContext.newPageInstance(DefaultMapperContext.java:90)
	at org.apache.wicket.core.request.handler.PageProvider$Provision.getPage(PageProvider.java:380)
	at org.apache.wicket.core.request.handler.PageProvider.getPageInstance(PageProvider.java:171)
	at org.apache.wicket.request.handler.render.PageRenderer.getPage(PageRenderer.java:78)
	at org.apache.wicket.request.handler.render.WebPageRenderer.respond(WebPageRenderer.java:231)
	at org.apache.wicket.util.tester.BaseWicketTester$LastPageRecordingPageRendererProvider$1.respond(BaseWicketTester.java:2833)
	at org.apache.wicket.core.request.handler.RenderPageRequestHandler.respond(RenderPageRequestHandler.java:202)
	at org.apache.wicket.request.cycle.RequestCycle$HandlerExecutor.respond(RequestCycle.java:914)
	at org.apache.wicket.request.RequestHandlerExecutor.execute(RequestHandlerExecutor.java:65)
	at org.apache.wicket.request.cycle.RequestCycle.execute(RequestCycle.java:282)
	at org.apache.wicket.request.cycle.RequestCycle.processRequest(RequestCycle.java:253)
	at org.apache.wicket.request.cycle.RequestCycle.processRequestAndDetach(RequestCycle.java:221)
	at org.apache.wicket.util.tester.BaseWicketTester.processRequest(BaseWicketTester.java:713)
	at org.apache.wicket.util.tester.BaseWicketTester.processRequest(BaseWicketTester.java:652)
	at org.apache.wicket.util.tester.BaseWicketTester.processRequest(BaseWicketTester.java:624)
	at org.apache.wicket.util.tester.BaseWicketTester.startPage(BaseWicketTester.java:1278)
	at org.apache.wicket.util.tester.BaseWicketTester.startPage(BaseWicketTester.java:1251)
	at com.mycompany.TestHomePage.homepageRendersSuccessfully(TestHomePage.java:24)
	at sun.reflect.NativeMethodAccessorImpl.invoke0(Native Method)
	at sun.reflect.NativeMethodAccessorImpl.invoke(NativeMethodAccessorImpl.java:62)
	at sun.reflect.DelegatingMethodAccessorImpl.invoke(DelegatingMethodAccessorImpl.java:43)
	at java.lang.reflect.Method.invoke(Method.java:498)
	at org.junit.runners.model.FrameworkMethod$1.runReflectiveCall(FrameworkMethod.java:50)
	at org.junit.internal.runners.model.ReflectiveCallable.run(ReflectiveCallable.java:12)
	at org.junit.runners.model.FrameworkMethod.invokeExplosively(FrameworkMethod.java:47)
	at org.junit.internal.runners.statements.InvokeMethod.evaluate(InvokeMethod.java:17)
	at org.junit.internal.runners.statements.RunBefores.evaluate(RunBefores.java:26)
	at org.junit.runners.ParentRunner.runLeaf(ParentRunner.java:325)
	at org.junit.runners.BlockJUnit4ClassRunner.runChild(BlockJUnit4ClassRunner.java:78)
	at org.junit.runners.BlockJUnit4ClassRunner.runChild(BlockJUnit4ClassRunner.java:57)
	at org.junit.runners.ParentRunner$3.run(ParentRunner.java:290)
	at org.junit.runners.ParentRunner$1.schedule(ParentRunner.java:71)
	at org.junit.runners.ParentRunner.runChildren(ParentRunner.java:288)
	at org.junit.runners.ParentRunner.access$000(ParentRunner.java:58)
	at org.junit.runners.ParentRunner$2.evaluate(ParentRunner.java:268)
	at org.junit.runners.ParentRunner.run(ParentRunner.java:363)
	at org.apache.maven.surefire.junit4.JUnit4Provider.execute(JUnit4Provider.java:252)
	at org.apache.maven.surefire.junit4.JUnit4Provider.executeTestSet(JUnit4Provider.java:141)
	at org.apache.maven.surefire.junit4.JUnit4Provider.invoke(JUnit4Provider.java:112)
	at sun.reflect.NativeMethodAccessorImpl.invoke0(Native Method)
	at sun.reflect.NativeMethodAccessorImpl.invoke(NativeMethodAccessorImpl.java:62)
	at sun.reflect.DelegatingMethodAccessorImpl.invoke(DelegatingMethodAccessorImpl.java:43)
	at java.lang.reflect.Method.invoke(Method.java:498)
	at org.apache.maven.surefire.util.ReflectionUtils.invokeMethodWithArray(ReflectionUtils.java:189)
	at org.apache.maven.surefire.booter.ProviderFactory$ProviderProxy.invoke(ProviderFactory.java:165)
	at org.apache.maven.surefire.booter.ProviderFactory.invokeProvider(ProviderFactory.java:85)
	at org.apache.maven.surefire.booter.ForkedBooter.runSuitesInProcess(ForkedBooter.java:115)
	at org.apache.maven.surefire.booter.ForkedBooter.main(ForkedBooter.java:75)
Caused by: java.lang.reflect.InvocationTargetException
	at sun.reflect.NativeConstructorAccessorImpl.newInstance0(Native Method)
	at sun.reflect.NativeConstructorAccessorImpl.newInstance(NativeConstructorAccessorImpl.java:62)
	at sun.reflect.DelegatingConstructorAccessorImpl.newInstance(DelegatingConstructorAccessorImpl.java:45)
	at java.lang.reflect.Constructor.newInstance(Constructor.java:423)
	at org.apache.wicket.session.DefaultPageFactory.newPage(DefaultPageFactory.java:171)
	... 49 more
Caused by: java.lang.NullPointerException
	at com.mycompany.my.commons.base.CustomAdder.add(CustomAdder.java:27)
	at com.mycompany.HomePage.&lt;init&gt;(HomePage.java:47)
	... 54 more
[main] WARN RequestCycleExtra - ********************************
</system-err>
  </testcase>
</testsuite>